2021-09-29T07:11:59+00:00 CRITICAL Uncaught Error: Class 'Hung_Widget' not found in E:\Program\xampp\htdocs\AHT\hoc-wordpress\wordpress\wp-includes\class-wp-widget-factory.php:61
Stack trace:
#0 E:\Program\xampp\htdocs\AHT\hoc-wordpress\wordpress\wp-includes\widgets.php(115): WP_Widget_Factory->register('Hung_Widget')
#1 E:\Program\xampp\htdocs\AHT\hoc-wordpress\wordpress\wp-content\plugins\hc-plugin\hc-plugin.php(21): register_widget('Hung_Widget')
#2 E:\Program\xampp\htdocs\AHT\hoc-wordpress\wordpress\wp-includes\class-wp-hook.php(311): create_new_widget('')
#3 E:\Program\xampp\htdocs\AHT\hoc-wordpress\wordpress\wp-includes\class-wp-hook.php(336): WP_Hook->apply_filters(NULL, Array)
#4 E:\Program\xampp\htdocs\AHT\hoc-wordpress\wordpress\wp-includes\plugin.php(470): WP_Hook->do_action(Array)
#5 E:\Program\xampp\htdocs\AHT\hoc-wordpress\wordpress\wp-includes\widgets.php(1809): do_action('widgets_init')
#6 E:\Program\xampp\htdocs\AHT\hoc-wordpress\wordpress\wp-includes\class-wp-hook.php(311): wp_widgets_init('')
#7 E:\Program\xampp\htdocs\AHT\h in E:\Program\xampp\htdocs\AHT\hoc-wordpress\wordpress\wp-includes\class-wp-widget-factory.php on line 61

2021-09-29T07:11:59+00:00 CRITICAL Uncaught Error: Class 'Hung_Widget' not found in E:\Program\xampp\htdocs\AHT\hoc-wordpress\wordpress\wp-includes\class-wp-widget-factory.php:61
Stack trace:
#0 E:\Program\xampp\htdocs\AHT\hoc-wordpress\wordpress\wp-includes\widgets.php(115): WP_Widget_Factory->register('Hung_Widget')
#1 E:\Program\xampp\htdocs\AHT\hoc-wordpress\wordpress\wp-content\plugins\hc-plugin\hc-plugin.php(21): register_widget('Hung_Widget')
#2 E:\Program\xampp\htdocs\AHT\hoc-wordpress\wordpress\wp-includes\class-wp-hook.php(311): create_new_widget('')
#3 E:\Program\xampp\htdocs\AHT\hoc-wordpress\wordpress\wp-includes\class-wp-hook.php(336): WP_Hook->apply_filters(NULL, Array)
#4 E:\Program\xampp\htdocs\AHT\hoc-wordpress\wordpress\wp-includes\plugin.php(470): WP_Hook->do_action(Array)
#5 E:\Program\xampp\htdocs\AHT\hoc-wordpress\wordpress\wp-includes\widgets.php(1809): do_action('widgets_init')
#6 E:\Program\xampp\htdocs\AHT\hoc-wordpress\wordpress\wp-includes\class-wp-hook.php(311): wp_widgets_init('')
#7 E:\Program\xampp\htdocs\AHT\h in E:\Program\xampp\htdocs\AHT\hoc-wordpress\wordpress\wp-includes\class-wp-widget-factory.php on line 61

2021-09-29T14:38:30+00:00 CRITICAL Uncaught ArgumentCountError: Too few arguments to function add_id_to_script(), 1 passed in E:\Program\xampp\htdocs\AHT\hoc-wordpress\wordpress\wp-includes\class-wp-hook.php on line 313 and exactly 2 expected in E:\Program\xampp\htdocs\AHT\hoc-wordpress\wordpress\wp-content\themes\twentytwenty\functions.php:906
Stack trace:
#0 E:\Program\xampp\htdocs\AHT\hoc-wordpress\wordpress\wp-includes\class-wp-hook.php(313): add_id_to_script('http://localhos...')
#1 E:\Program\xampp\htdocs\AHT\hoc-wordpress\wordpress\wp-includes\plugin.php(189): WP_Hook->apply_filters('http://localhos...', Array)
#2 E:\Program\xampp\htdocs\AHT\hoc-wordpress\wordpress\wp-includes\formatting.php(5725): apply_filters('script_loader_s...', 'http://localhos...', 'concatemoji')
#3 E:\Program\xampp\htdocs\AHT\hoc-wordpress\wordpress\wp-includes\formatting.php(5656): _print_emoji_detection_script()
#4 E:\Program\xampp\htdocs\AHT\hoc-wordpress\wordpress\wp-includes\class-wp-hook.php(311): print_emoji_detection_script('')
#5 E:\Program\xampp\htdocs in E:\Program\xampp\htdocs\AHT\hoc-wordpress\wordpress\wp-content\themes\twentytwenty\functions.php on line 906

2021-09-29T14:38:41+00:00 CRITICAL Uncaught ArgumentCountError: Too few arguments to function add_id_to_script(), 1 passed in E:\Program\xampp\htdocs\AHT\hoc-wordpress\wordpress\wp-includes\class-wp-hook.php on line 313 and exactly 2 expected in E:\Program\xampp\htdocs\AHT\hoc-wordpress\wordpress\wp-content\themes\twentytwenty\functions.php:906
Stack trace:
#0 E:\Program\xampp\htdocs\AHT\hoc-wordpress\wordpress\wp-includes\class-wp-hook.php(313): add_id_to_script('http://localhos...')
#1 E:\Program\xampp\htdocs\AHT\hoc-wordpress\wordpress\wp-includes\plugin.php(189): WP_Hook->apply_filters('http://localhos...', Array)
#2 E:\Program\xampp\htdocs\AHT\hoc-wordpress\wordpress\wp-includes\formatting.php(5725): apply_filters('script_loader_s...', 'http://localhos...', 'concatemoji')
#3 E:\Program\xampp\htdocs\AHT\hoc-wordpress\wordpress\wp-includes\formatting.php(5656): _print_emoji_detection_script()
#4 E:\Program\xampp\htdocs\AHT\hoc-wordpress\wordpress\wp-includes\class-wp-hook.php(311): print_emoji_detection_script('')
#5 E:\Program\xampp\htdocs in E:\Program\xampp\htdocs\AHT\hoc-wordpress\wordpress\wp-content\themes\twentytwenty\functions.php on line 906

