2021-09-16T07:23:31+00:00 CRITICAL Uncaught Error: Class 'Mobile_Detect' not found in E:\Program\xampp\htdocs\AHT\hoc-wordpress\wordpress\wp-content\themes\themebase\inc\class-templates.php:892
Stack trace:
#0 E:\Program\xampp\htdocs\AHT\hoc-wordpress\wordpress\wp-content\themes\themebase\headers\header-default.php(55): Themebase_Templates::get_setting_template()
#1 E:\Program\xampp\htdocs\AHT\hoc-wordpress\wordpress\wp-includes\template.php(772): require('E:\\Program\\xamp...')
#2 E:\Program\xampp\htdocs\AHT\hoc-wordpress\wordpress\wp-includes\template.php(716): load_template('E:\\Program\\xamp...', false, Array)
#3 E:\Program\xampp\htdocs\AHT\hoc-wordpress\wordpress\wp-includes\general-template.php(204): locate_template(Array, true, false, Array)
#4 E:\Program\xampp\htdocs\AHT\hoc-wordpress\wordpress\wp-content\themes\themebase\inc\class-static.php(171): get_template_part('headers/header-...')
#5 E:\Program\xampp\htdocs\AHT\hoc-wordpress\wordpress\wp-content\themes\themebase\header.php(70): Themebase::get_header_type()
#6 E:\Program\xampp\ht in E:\Program\xampp\htdocs\AHT\hoc-wordpress\wordpress\wp-content\themes\themebase\inc\class-templates.php on line 892

2021-09-16T07:23:47+00:00 CRITICAL Uncaught Error: Class 'Mobile_Detect' not found in E:\Program\xampp\htdocs\AHT\hoc-wordpress\wordpress\wp-content\themes\themebase\inc\class-templates.php:892
Stack trace:
#0 E:\Program\xampp\htdocs\AHT\hoc-wordpress\wordpress\wp-content\themes\themebase\headers\header-default.php(55): Themebase_Templates::get_setting_template()
#1 E:\Program\xampp\htdocs\AHT\hoc-wordpress\wordpress\wp-includes\template.php(772): require('E:\\Program\\xamp...')
#2 E:\Program\xampp\htdocs\AHT\hoc-wordpress\wordpress\wp-includes\template.php(716): load_template('E:\\Program\\xamp...', false, Array)
#3 E:\Program\xampp\htdocs\AHT\hoc-wordpress\wordpress\wp-includes\general-template.php(204): locate_template(Array, true, false, Array)
#4 E:\Program\xampp\htdocs\AHT\hoc-wordpress\wordpress\wp-content\themes\themebase\inc\class-static.php(171): get_template_part('headers/header-...')
#5 E:\Program\xampp\htdocs\AHT\hoc-wordpress\wordpress\wp-content\themes\themebase\header.php(70): Themebase::get_header_type()
#6 E:\Program\xampp\ht in E:\Program\xampp\htdocs\AHT\hoc-wordpress\wordpress\wp-content\themes\themebase\inc\class-templates.php on line 892

2021-09-16T07:24:23+00:00 CRITICAL Uncaught Error: Class 'Mobile_Detect' not found in E:\Program\xampp\htdocs\AHT\hoc-wordpress\wordpress\wp-content\themes\themebase\inc\class-templates.php:892
Stack trace:
#0 E:\Program\xampp\htdocs\AHT\hoc-wordpress\wordpress\wp-content\themes\themebase\headers\header-default.php(55): Themebase_Templates::get_setting_template()
#1 E:\Program\xampp\htdocs\AHT\hoc-wordpress\wordpress\wp-includes\template.php(772): require('E:\\Program\\xamp...')
#2 E:\Program\xampp\htdocs\AHT\hoc-wordpress\wordpress\wp-includes\template.php(716): load_template('E:\\Program\\xamp...', false, Array)
#3 E:\Program\xampp\htdocs\AHT\hoc-wordpress\wordpress\wp-includes\general-template.php(204): locate_template(Array, true, false, Array)
#4 E:\Program\xampp\htdocs\AHT\hoc-wordpress\wordpress\wp-content\themes\themebase\inc\class-static.php(171): get_template_part('headers/header-...')
#5 E:\Program\xampp\htdocs\AHT\hoc-wordpress\wordpress\wp-content\themes\themebase\header.php(70): Themebase::get_header_type()
#6 E:\Program\xampp\ht in E:\Program\xampp\htdocs\AHT\hoc-wordpress\wordpress\wp-content\themes\themebase\inc\class-templates.php on line 892

2021-09-16T07:24:41+00:00 CRITICAL Uncaught Error: Class 'Mobile_Detect' not found in E:\Program\xampp\htdocs\AHT\hoc-wordpress\wordpress\wp-content\themes\themebase\inc\class-templates.php:892
Stack trace:
#0 E:\Program\xampp\htdocs\AHT\hoc-wordpress\wordpress\wp-content\themes\themebase\headers\header-default.php(55): Themebase_Templates::get_setting_template()
#1 E:\Program\xampp\htdocs\AHT\hoc-wordpress\wordpress\wp-includes\template.php(772): require('E:\\Program\\xamp...')
#2 E:\Program\xampp\htdocs\AHT\hoc-wordpress\wordpress\wp-includes\template.php(716): load_template('E:\\Program\\xamp...', false, Array)
#3 E:\Program\xampp\htdocs\AHT\hoc-wordpress\wordpress\wp-includes\general-template.php(204): locate_template(Array, true, false, Array)
#4 E:\Program\xampp\htdocs\AHT\hoc-wordpress\wordpress\wp-content\themes\themebase\inc\class-static.php(171): get_template_part('headers/header-...')
#5 E:\Program\xampp\htdocs\AHT\hoc-wordpress\wordpress\wp-content\themes\themebase\header.php(70): Themebase::get_header_type()
#6 E:\Program\xampp\ht in E:\Program\xampp\htdocs\AHT\hoc-wordpress\wordpress\wp-content\themes\themebase\inc\class-templates.php on line 892

2021-09-16T07:24:52+00:00 CRITICAL Uncaught Error: Class 'Mobile_Detect' not found in E:\Program\xampp\htdocs\AHT\hoc-wordpress\wordpress\wp-content\themes\themebase\inc\class-templates.php:892
Stack trace:
#0 E:\Program\xampp\htdocs\AHT\hoc-wordpress\wordpress\wp-content\themes\themebase\headers\header-default.php(55): Themebase_Templates::get_setting_template()
#1 E:\Program\xampp\htdocs\AHT\hoc-wordpress\wordpress\wp-includes\template.php(772): require('E:\\Program\\xamp...')
#2 E:\Program\xampp\htdocs\AHT\hoc-wordpress\wordpress\wp-includes\template.php(716): load_template('E:\\Program\\xamp...', false, Array)
#3 E:\Program\xampp\htdocs\AHT\hoc-wordpress\wordpress\wp-includes\general-template.php(204): locate_template(Array, true, false, Array)
#4 E:\Program\xampp\htdocs\AHT\hoc-wordpress\wordpress\wp-content\themes\themebase\inc\class-static.php(171): get_template_part('headers/header-...')
#5 E:\Program\xampp\htdocs\AHT\hoc-wordpress\wordpress\wp-content\themes\themebase\header.php(70): Themebase::get_header_type()
#6 E:\Program\xampp\ht in E:\Program\xampp\htdocs\AHT\hoc-wordpress\wordpress\wp-content\themes\themebase\inc\class-templates.php on line 892

2021-09-16T07:25:18+00:00 CRITICAL Uncaught Error: Class 'Mobile_Detect' not found in E:\Program\xampp\htdocs\AHT\hoc-wordpress\wordpress\wp-content\themes\themebase\inc\class-templates.php:892
Stack trace:
#0 E:\Program\xampp\htdocs\AHT\hoc-wordpress\wordpress\wp-content\themes\themebase\headers\header-default.php(55): Themebase_Templates::get_setting_template()
#1 E:\Program\xampp\htdocs\AHT\hoc-wordpress\wordpress\wp-includes\template.php(772): require('E:\\Program\\xamp...')
#2 E:\Program\xampp\htdocs\AHT\hoc-wordpress\wordpress\wp-includes\template.php(716): load_template('E:\\Program\\xamp...', false, Array)
#3 E:\Program\xampp\htdocs\AHT\hoc-wordpress\wordpress\wp-includes\general-template.php(204): locate_template(Array, true, false, Array)
#4 E:\Program\xampp\htdocs\AHT\hoc-wordpress\wordpress\wp-content\themes\themebase\inc\class-static.php(171): get_template_part('headers/header-...')
#5 E:\Program\xampp\htdocs\AHT\hoc-wordpress\wordpress\wp-content\themes\themebase\header.php(70): Themebase::get_header_type()
#6 E:\Program\xampp\ht in E:\Program\xampp\htdocs\AHT\hoc-wordpress\wordpress\wp-content\themes\themebase\inc\class-templates.php on line 892

2021-09-16T07:25:26+00:00 CRITICAL Uncaught Error: Class 'Mobile_Detect' not found in E:\Program\xampp\htdocs\AHT\hoc-wordpress\wordpress\wp-content\themes\themebase\inc\class-templates.php:892
Stack trace:
#0 E:\Program\xampp\htdocs\AHT\hoc-wordpress\wordpress\wp-content\themes\themebase\headers\header-default.php(55): Themebase_Templates::get_setting_template()
#1 E:\Program\xampp\htdocs\AHT\hoc-wordpress\wordpress\wp-includes\template.php(772): require('E:\\Program\\xamp...')
#2 E:\Program\xampp\htdocs\AHT\hoc-wordpress\wordpress\wp-includes\template.php(716): load_template('E:\\Program\\xamp...', false, Array)
#3 E:\Program\xampp\htdocs\AHT\hoc-wordpress\wordpress\wp-includes\general-template.php(204): locate_template(Array, true, false, Array)
#4 E:\Program\xampp\htdocs\AHT\hoc-wordpress\wordpress\wp-content\themes\themebase\inc\class-static.php(171): get_template_part('headers/header-...')
#5 E:\Program\xampp\htdocs\AHT\hoc-wordpress\wordpress\wp-content\themes\themebase\header.php(70): Themebase::get_header_type()
#6 E:\Program\xampp\ht in E:\Program\xampp\htdocs\AHT\hoc-wordpress\wordpress\wp-content\themes\themebase\inc\class-templates.php on line 892

2021-09-16T07:25:32+00:00 CRITICAL Uncaught Error: Class 'Mobile_Detect' not found in E:\Program\xampp\htdocs\AHT\hoc-wordpress\wordpress\wp-content\themes\themebase\inc\class-templates.php:892
Stack trace:
#0 E:\Program\xampp\htdocs\AHT\hoc-wordpress\wordpress\wp-content\themes\themebase\headers\header-default.php(55): Themebase_Templates::get_setting_template()
#1 E:\Program\xampp\htdocs\AHT\hoc-wordpress\wordpress\wp-includes\template.php(772): require('E:\\Program\\xamp...')
#2 E:\Program\xampp\htdocs\AHT\hoc-wordpress\wordpress\wp-includes\template.php(716): load_template('E:\\Program\\xamp...', false, Array)
#3 E:\Program\xampp\htdocs\AHT\hoc-wordpress\wordpress\wp-includes\general-template.php(204): locate_template(Array, true, false, Array)
#4 E:\Program\xampp\htdocs\AHT\hoc-wordpress\wordpress\wp-content\themes\themebase\inc\class-static.php(171): get_template_part('headers/header-...')
#5 E:\Program\xampp\htdocs\AHT\hoc-wordpress\wordpress\wp-content\themes\themebase\header.php(70): Themebase::get_header_type()
#6 E:\Program\xampp\ht in E:\Program\xampp\htdocs\AHT\hoc-wordpress\wordpress\wp-content\themes\themebase\inc\class-templates.php on line 892

2021-09-16T07:25:47+00:00 CRITICAL Uncaught Error: Class 'Mobile_Detect' not found in E:\Program\xampp\htdocs\AHT\hoc-wordpress\wordpress\wp-content\themes\themebase\inc\class-templates.php:892
Stack trace:
#0 E:\Program\xampp\htdocs\AHT\hoc-wordpress\wordpress\wp-content\themes\themebase\headers\header-default.php(55): Themebase_Templates::get_setting_template()
#1 E:\Program\xampp\htdocs\AHT\hoc-wordpress\wordpress\wp-includes\template.php(772): require('E:\\Program\\xamp...')
#2 E:\Program\xampp\htdocs\AHT\hoc-wordpress\wordpress\wp-includes\template.php(716): load_template('E:\\Program\\xamp...', false, Array)
#3 E:\Program\xampp\htdocs\AHT\hoc-wordpress\wordpress\wp-includes\general-template.php(204): locate_template(Array, true, false, Array)
#4 E:\Program\xampp\htdocs\AHT\hoc-wordpress\wordpress\wp-content\themes\themebase\inc\class-static.php(171): get_template_part('headers/header-...')
#5 E:\Program\xampp\htdocs\AHT\hoc-wordpress\wordpress\wp-content\themes\themebase\header.php(70): Themebase::get_header_type()
#6 E:\Program\xampp\ht in E:\Program\xampp\htdocs\AHT\hoc-wordpress\wordpress\wp-content\themes\themebase\inc\class-templates.php on line 892

2021-09-16T07:26:01+00:00 CRITICAL Uncaught Error: Class 'Mobile_Detect' not found in E:\Program\xampp\htdocs\AHT\hoc-wordpress\wordpress\wp-content\themes\themebase\inc\class-templates.php:892
Stack trace:
#0 E:\Program\xampp\htdocs\AHT\hoc-wordpress\wordpress\wp-content\themes\themebase\headers\header-default.php(55): Themebase_Templates::get_setting_template()
#1 E:\Program\xampp\htdocs\AHT\hoc-wordpress\wordpress\wp-includes\template.php(772): require('E:\\Program\\xamp...')
#2 E:\Program\xampp\htdocs\AHT\hoc-wordpress\wordpress\wp-includes\template.php(716): load_template('E:\\Program\\xamp...', false, Array)
#3 E:\Program\xampp\htdocs\AHT\hoc-wordpress\wordpress\wp-includes\general-template.php(204): locate_template(Array, true, false, Array)
#4 E:\Program\xampp\htdocs\AHT\hoc-wordpress\wordpress\wp-content\themes\themebase\inc\class-static.php(171): get_template_part('headers/header-...')
#5 E:\Program\xampp\htdocs\AHT\hoc-wordpress\wordpress\wp-content\themes\themebase\header.php(70): Themebase::get_header_type()
#6 E:\Program\xampp\ht in E:\Program\xampp\htdocs\AHT\hoc-wordpress\wordpress\wp-content\themes\themebase\inc\class-templates.php on line 892

2021-09-16T07:26:05+00:00 CRITICAL Uncaught Error: Class 'Mobile_Detect' not found in E:\Program\xampp\htdocs\AHT\hoc-wordpress\wordpress\wp-content\themes\themebase\inc\class-templates.php:892
Stack trace:
#0 E:\Program\xampp\htdocs\AHT\hoc-wordpress\wordpress\wp-content\themes\themebase\headers\header-default.php(55): Themebase_Templates::get_setting_template()
#1 E:\Program\xampp\htdocs\AHT\hoc-wordpress\wordpress\wp-includes\template.php(772): require('E:\\Program\\xamp...')
#2 E:\Program\xampp\htdocs\AHT\hoc-wordpress\wordpress\wp-includes\template.php(716): load_template('E:\\Program\\xamp...', false, Array)
#3 E:\Program\xampp\htdocs\AHT\hoc-wordpress\wordpress\wp-includes\general-template.php(204): locate_template(Array, true, false, Array)
#4 E:\Program\xampp\htdocs\AHT\hoc-wordpress\wordpress\wp-content\themes\themebase\inc\class-static.php(171): get_template_part('headers/header-...')
#5 E:\Program\xampp\htdocs\AHT\hoc-wordpress\wordpress\wp-content\themes\themebase\header.php(70): Themebase::get_header_type()
#6 E:\Program\xampp\ht in E:\Program\xampp\htdocs\AHT\hoc-wordpress\wordpress\wp-content\themes\themebase\inc\class-templates.php on line 892

2021-09-16T07:26:23+00:00 CRITICAL Uncaught Error: Class 'Mobile_Detect' not found in E:\Program\xampp\htdocs\AHT\hoc-wordpress\wordpress\wp-content\themes\themebase\inc\class-templates.php:892
Stack trace:
#0 E:\Program\xampp\htdocs\AHT\hoc-wordpress\wordpress\wp-content\themes\themebase\headers\header-default.php(55): Themebase_Templates::get_setting_template()
#1 E:\Program\xampp\htdocs\AHT\hoc-wordpress\wordpress\wp-includes\template.php(772): require('E:\\Program\\xamp...')
#2 E:\Program\xampp\htdocs\AHT\hoc-wordpress\wordpress\wp-includes\template.php(716): load_template('E:\\Program\\xamp...', false, Array)
#3 E:\Program\xampp\htdocs\AHT\hoc-wordpress\wordpress\wp-includes\general-template.php(204): locate_template(Array, true, false, Array)
#4 E:\Program\xampp\htdocs\AHT\hoc-wordpress\wordpress\wp-content\themes\themebase\inc\class-static.php(171): get_template_part('headers/header-...')
#5 E:\Program\xampp\htdocs\AHT\hoc-wordpress\wordpress\wp-content\themes\themebase\header.php(70): Themebase::get_header_type()
#6 E:\Program\xampp\ht in E:\Program\xampp\htdocs\AHT\hoc-wordpress\wordpress\wp-content\themes\themebase\inc\class-templates.php on line 892

2021-09-16T07:26:36+00:00 CRITICAL Uncaught Error: Class 'Mobile_Detect' not found in E:\Program\xampp\htdocs\AHT\hoc-wordpress\wordpress\wp-content\themes\themebase\inc\class-templates.php:892
Stack trace:
#0 E:\Program\xampp\htdocs\AHT\hoc-wordpress\wordpress\wp-content\themes\themebase\headers\header-default.php(55): Themebase_Templates::get_setting_template()
#1 E:\Program\xampp\htdocs\AHT\hoc-wordpress\wordpress\wp-includes\template.php(772): require('E:\\Program\\xamp...')
#2 E:\Program\xampp\htdocs\AHT\hoc-wordpress\wordpress\wp-includes\template.php(716): load_template('E:\\Program\\xamp...', false, Array)
#3 E:\Program\xampp\htdocs\AHT\hoc-wordpress\wordpress\wp-includes\general-template.php(204): locate_template(Array, true, false, Array)
#4 E:\Program\xampp\htdocs\AHT\hoc-wordpress\wordpress\wp-content\themes\themebase\inc\class-static.php(171): get_template_part('headers/header-...')
#5 E:\Program\xampp\htdocs\AHT\hoc-wordpress\wordpress\wp-content\themes\themebase\header.php(70): Themebase::get_header_type()
#6 E:\Program\xampp\ht in E:\Program\xampp\htdocs\AHT\hoc-wordpress\wordpress\wp-content\themes\themebase\inc\class-templates.php on line 892

